#
# There is insufficient memory for the Java Runtime Environment to continue.
# Native memory allocation (mmap) failed to map 199229440 bytes for Failed to commit area from 0x0000000743e00000 to 0x000000074fc00000 of length 199229440.
# Possible reasons:
#   The system is out of physical RAM or swap space
#   The process is running with CompressedOops enabled, and the Java Heap may be blocking the growth of the native heap
# Possible solutions:
#   Reduce memory load on the system
#   Increase physical memory or swap space
#   Check if swap backing store is full
#   Decrease Java heap size (-Xmx/-Xms)
#   Decrease number of Java threads
#   Decrease Java thread stack sizes (-Xss)
#   Set larger code cache with -XX:ReservedCodeCacheSize=
# This output file may be truncated or incomplete.
#
#  Out of Memory Error (./src/hotspot/os/windows/os_windows.cpp:3386), pid=48884, tid=18792
#
# JRE version:  (11.0.16+8) (build )
# Java VM: OpenJDK 64-Bit Server VM (11.0.16+8, mixed mode, sharing, tiered, compressed oops, g1 gc, windows-amd64)
# No core dump will be written. Minidumps are not enabled by default on client versions of Windows
#

---------------  S U M M A R Y ------------

Command Line: projects.project3

Host: 11th Gen Intel(R) Core(TM) i5-1155G7 @ 2.50GHz, 8 cores, 11G,  Windows 11 , 64 bit Build 22621 (10.0.22621.2428)
Time: Tue Nov  7 17:16:11 2023 Eastern Standard Time elapsed time: 0.029962 seconds (0d 0h 0m 0s)

---------------  T H R E A D  ---------------

Current thread (0x0000024cc3006000):  JavaThread "Unknown thread" [_thread_in_vm, id=18792, stack(0x000000d2a4300000,0x000000d2a4400000)]

Stack: [0x000000d2a4300000,0x000000d2a4400000]
Native frames: (J=compiled Java code, j=interpreted, Vv=VM code, C=native code)
V  [jvm.dll+0x61f1da]
V  [jvm.dll+0x7abc69]
V  [jvm.dll+0x7ad358]
V  [jvm.dll+0x7ada33]
V  [jvm.dll+0x24fb08]
V  [jvm.dll+0x61c4ea]
V  [jvm.dll+0x610c95]
V  [jvm.dll+0x307a2c]
V  [jvm.dll+0x3078b2]
V  [jvm.dll+0x30c5c6]
V  [jvm.dll+0x352b8f]
V  [jvm.dll+0x3525c0]
V  [jvm.dll+0x2e4a28]
V  [jvm.dll+0x2e5b86]
V  [jvm.dll+0x785ab7]
V  [jvm.dll+0x78723f]
V  [jvm.dll+0x35f8d9]
V  [jvm.dll+0x768950]
V  [jvm.dll+0x3cd3ff]
V  [jvm.dll+0x3cf791]
C  [jli.dll+0x5207]
C  [ucrtbase.dll+0x29363]
C  [KERNEL32.DLL+0x1257d]
C  [ntdll.dll+0x5aa78]


---------------  P R O C E S S  ---------------

Threads class SMR info:
_java_thread_list=0x0000024cc0e60d20, length=0, elements={
}

Java Threads: ( => current thread )

Other Threads:
  0x0000024cc301e000 GCTaskThread "GC Thread#0" [stack: 0x000000d2a4400000,0x000000d2a4500000] [id=41600]
  0x0000024cc3063000 ConcurrentGCThread "G1 Main Marker" [stack: 0x000000d2a4500000,0x000000d2a4600000] [id=27908]
  0x0000024cc3066800 ConcurrentGCThread "G1 Conc#0" [stack: 0x000000d2a4600000,0x000000d2a4700000] [id=17488]

[error occurred during error reporting (printing all threads), id 0xc0000005, EXCEPTION_ACCESS_VIOLATION (0xc0000005) at pc=0x00007ffcab4941f7]

VM state:not at safepoint (not fully initialized)

VM Mutex/Monitor currently owned by a thread:  ([mutex/lock_event])
[0x0000024cc3002670] Heap_lock - owner thread: 0x0000024cc3006000

Heap address: 0x0000000743e00000, size: 3010 MB, Compressed Oops mode: Non-zero based: 0x0000000743e00000
Narrow klass base: 0x0000000000000000, Narrow klass shift: 0

GC Heap History (0 events):
No events

Deoptimization events (0 events):
No events

Classes redefined (0 events):
No events

Internal exceptions (0 events):
No events

Events (1 events):
Event: 0.013 Loaded shared library C:\Program Files\Eclipse Adoptium\jdk-11.0.16.8-hotspot\bin\zip.dll


Dynamic libraries:
0x00007ff79a2c0000 - 0x00007ff79a2cd000 	C:\Program Files\Eclipse Adoptium\jdk-11.0.16.8-hotspot\bin\java.exe
0x00007ffd218f0000 - 0x00007ffd21b07000 	C:\WINDOWS\SYSTEM32\ntdll.dll
0x00007ffd20740000 - 0x00007ffd20804000 	C:\WINDOWS\System32\KERNEL32.DLL
0x00007ffd1ede0000 - 0x00007ffd1f186000 	C:\WINDOWS\System32\KERNELBASE.dll
0x00007ffd1f250000 - 0x00007ffd1f361000 	C:\WINDOWS\System32\ucrtbase.dll
0x00007ffd16180000 - 0x00007ffd16197000 	C:\Program Files\Eclipse Adoptium\jdk-11.0.16.8-hotspot\bin\jli.dll
0x00007ffcff720000 - 0x00007ffcff735000 	C:\Program Files\Eclipse Adoptium\jdk-11.0.16.8-hotspot\bin\VCRUNTIME140.dll
0x00007ffd204f0000 - 0x00007ffd2069d000 	C:\WINDOWS\System32\USER32.dll
0x00007ffcfbe10000 - 0x00007ffcfc0a3000 	C:\WINDOWS\WinSxS\amd64_microsoft.windows.common-controls_6595b64144ccf1df_6.0.22621.2361_none_2712ced57382f843\COMCTL32.dll
0x00007ffd1f370000 - 0x00007ffd1f396000 	C:\WINDOWS\System32\win32u.dll
0x00007ffd21370000 - 0x00007ffd21417000 	C:\WINDOWS\System32\msvcrt.dll
0x00007ffd21870000 - 0x00007ffd21899000 	C:\WINDOWS\System32\GDI32.dll
0x00007ffd1f530000 - 0x00007ffd1f648000 	C:\WINDOWS\System32\gdi32full.dll
0x00007ffd1f490000 - 0x00007ffd1f52a000 	C:\WINDOWS\System32\msvcp_win.dll
0x00007ffd21420000 - 0x00007ffd21451000 	C:\WINDOWS\System32\IMM32.DLL
0x00007ffce34e0000 - 0x00007ffce357b000 	C:\Program Files\Eclipse Adoptium\jdk-11.0.16.8-hotspot\bin\msvcp140.dll
0x00007ffcab1a0000 - 0x00007ffcabd22000 	C:\Program Files\Eclipse Adoptium\jdk-11.0.16.8-hotspot\bin\server\jvm.dll
0x00007ffd1f650000 - 0x00007ffd1f700000 	C:\WINDOWS\System32\ADVAPI32.dll
0x00007ffd1fb80000 - 0x00007ffd1fc26000 	C:\WINDOWS\System32\sechost.dll
0x00007ffd20130000 - 0x00007ffd20247000 	C:\WINDOWS\System32\RPCRT4.dll
0x00007ffd21320000 - 0x00007ffd21328000 	C:\WINDOWS\System32\PSAPI.DLL
0x00007ffd16120000 - 0x00007ffd16154000 	C:\WINDOWS\SYSTEM32\WINMM.dll
0x00007ffd1b740000 - 0x00007ffd1b749000 	C:\WINDOWS\SYSTEM32\WSOCK32.dll
0x00007ffd202b0000 - 0x00007ffd20321000 	C:\WINDOWS\System32\WS2_32.dll
0x00007ffd17820000 - 0x00007ffd1782a000 	C:\WINDOWS\SYSTEM32\VERSION.dll
0x00007ffd1dd70000 - 0x00007ffd1dd88000 	C:\WINDOWS\SYSTEM32\kernel.appcore.dll
0x00007ffd1b940000 - 0x00007ffd1b950000 	C:\Program Files\Eclipse Adoptium\jdk-11.0.16.8-hotspot\bin\verify.dll
0x00007ffd1be50000 - 0x00007ffd1c07e000 	C:\WINDOWS\SYSTEM32\DBGHELP.DLL
0x00007ffd21460000 - 0x00007ffd217ea000 	C:\WINDOWS\System32\combase.dll
0x00007ffd1fd40000 - 0x00007ffd1fe17000 	C:\WINDOWS\System32\OLEAUT32.dll
0x00007ffcfcbf0000 - 0x00007ffcfcc22000 	C:\WINDOWS\SYSTEM32\dbgcore.DLL
0x00007ffd1f410000 - 0x00007ffd1f48a000 	C:\WINDOWS\System32\bcryptPrimitives.dll
0x00007ffcff6f0000 - 0x00007ffcff718000 	C:\Program Files\Eclipse Adoptium\jdk-11.0.16.8-hotspot\bin\java.dll
0x00007ffd19d20000 - 0x00007ffd19d2a000 	C:\Program Files\Eclipse Adoptium\jdk-11.0.16.8-hotspot\bin\jimage.dll
0x00007ffcfcbd0000 - 0x00007ffcfcbe8000 	C:\Program Files\Eclipse Adoptium\jdk-11.0.16.8-hotspot\bin\zip.dll

dbghelp: loaded successfully - version: 4.0.5 - missing functions: none
symbol engine: initialized successfully - sym options: 0x614 - pdb path: .;C:\Program Files\Eclipse Adoptium\jdk-11.0.16.8-hotspot\bin;C:\WINDOWS\SYSTEM32;C:\WINDOWS\WinSxS\amd64_microsoft.windows.common-controls_6595b64144ccf1df_6.0.22621.2361_none_2712ced57382f843;C:\Program Files\Eclipse Adoptium\jdk-11.0.16.8-hotspot\bin\server

VM Arguments:
java_command: projects.project3
java_class_path (initial): C:\Users\lukej\OneDrive\Desktop\java stuff\CS 1180 2023\bin
Launcher Type: SUN_STANDARD

[Global flags]
     intx CICompilerCount                          = 4                                         {product} {ergonomic}
     uint ConcGCThreads                            = 2                                         {product} {ergonomic}
     uint G1ConcRefinementThreads                  = 8                                         {product} {ergonomic}
   size_t G1HeapRegionSize                         = 1048576                                   {product} {ergonomic}
    uintx GCDrainStackTargetSize                   = 64                                        {product} {ergonomic}
   size_t InitialHeapSize                          = 199229440                                 {product} {ergonomic}
   size_t MarkStackSize                            = 4194304                                   {product} {ergonomic}
   size_t MaxHeapSize                              = 3156213760                                {product} {ergonomic}
   size_t MinHeapDeltaBytes                        = 1048576                                   {product} {ergonomic}
    uintx NonNMethodCodeHeapSize                   = 5836300                                {pd product} {ergonomic}
    uintx NonProfiledCodeHeapSize                  = 122910970                              {pd product} {ergonomic}
    uintx ProfiledCodeHeapSize                     = 122910970                              {pd product} {ergonomic}
    uintx ReservedCodeCacheSize                    = 251658240                              {pd product} {ergonomic}
     bool SegmentedCodeCache                       = true                                      {product} {ergonomic}
     bool UseCompressedClassPointers               = true                                 {lp64_product} {ergonomic}
     bool UseCompressedOops                        = true                                 {lp64_product} {ergonomic}
     bool UseG1GC                                  = true                                      {product} {ergonomic}
     bool UseLargePagesIndividualAllocation        = false                                  {pd product} {ergonomic}

Logging:
Log output configuration:
 #0: stdout all=warning uptime,level,tags
 #1: stderr all=off uptime,level,tags

Environment Variables:
PATH=C:\Program Files\Eclipse Adoptium\jdk-11.0.16.8-hotspot\bin;C:\WINDOWS\system32;C:\WINDOWS;C:\WINDOWS\System32\Wbem;C:\WINDOWS\System32\WindowsPowerShell\v1.0\;C:\WINDOWS\System32\OpenSSH\;C:\Program Files\Microsoft VS Code\bin;C:\Users\lukej\AppData\Local\Microsoft\WindowsApps;
USERNAME=lukej
LANG=en_US.UTF-8
OS=Windows_NT
PROCESSOR_IDENTIFIER=Intel64 Family 6 Model 140 Stepping 2, GenuineIntel
TMP=C:\Users\lukej\AppData\Local\Temp
TEMP=C:\Users\lukej\AppData\Local\Temp



---------------  S Y S T E M  ---------------

OS: Windows 11 , 64 bit Build 22621 (10.0.22621.2428)
OS uptime: 13 days 13:45 hours
Hyper-V role detected

CPU:total 8 (initial active 8) (4 cores per cpu, 2 threads per core) family 6 model 140 stepping 2 microcode 0x2c, cmov, cx8, fxsr, mmx, sse, sse2, sse3, ssse3, sse4.1, sse4.2, popcnt, avx, avx2, aes, clmul, erms, 3dnowpref, lzcnt, ht, tsc, tscinvbit, bmi1, bmi2, adx, evex, sha, fma

Memory: 4k page, system-wide physical 12037M (1189M free)
TotalPageFile size 48901M (AvailPageFile size 8M)
current process WorkingSet (physical memory assigned to process): 10M, peak: 10M
current process commit charge ("private bytes"): 60M, peak: 250M

vm_info: OpenJDK 64-Bit Server VM (11.0.16+8) for windows-amd64 JRE (11.0.16+8), built on Jul 20 2022 07:15:32 by "" with MS VC++ 15.9 (VS2017)

END.
